Calculating task graph as configuration cache cannot be reused because file 'app/build.gradle.kts' has changed.
> Task :app:preBuild UP-TO-DATE
> Task :app:prePlaystoreReleaseBuild UP-TO-DATE
> Task :app:checkKotlinGradlePluginConfigurationErrors SKIPPED
> Task :app:clean
> Task :app:extractPlaystoreReleaseVersionControlInfo
> Task :app:mergePlaystoreReleaseArtProfile
> Task :app:checkPlaystoreReleaseDuplicateClasses
> Task :app:expandPlaystoreReleaseL8ArtProfileWildcards
> Task :app:buildKotlinToolingMetadata
> Task :app:generatePlaystoreReleaseResValues
> Task :app:generatePlaystoreReleaseResources
> Task :app:dataBindingMergeDependencyArtifactsPlaystoreRelease
> Task :app:generatePlaystoreReleaseBuildConfig
> Task :app:checkPlaystoreReleaseAarMetadata
> Task :app:mapPlaystoreReleaseSourceSetPaths
> Task :app:createPlaystoreReleaseCompatibleScreenManifests
> Task :app:extractDeepLinksPlaystoreRelease

> Task :app:processPlaystoreReleaseMainManifest FAILED
/home/niyid/git/kabu-kabu-p2p/app/src/main/AndroidManifest.xml:52:9-36 Error:
	Attribute application@allowBackup value=(false) from AndroidManifest.xml:52:9-36
	is also present at [i2p-android-client.aar] AndroidManifest.xml:8:9-35 value=(true).
	Suggestion: add 'tools:replace="android:allowBackup"' to <application> element at AndroidManifest.xml:50:5-103:19 to override.

See https://developer.android.com/r/studio-ui/build/manifest-merger for more information about the manifest merger.


> Task :app:mergePlaystoreReleaseResources
/home/niyid/git/kabu-kabu-p2p/app/src/main/res/values/colors.xml:33:4: Invalid <color> for given resource value.

> Task :app:mergePlaystoreReleaseResources FAILED

FAILURE: Build completed with 2 failures.

1: Task failed with an exception.
-----------
* What went wrong:
Execution failed for task ':app:processPlaystoreReleaseMainManifest'.
> Manifest merger failed : Attribute application@allowBackup value=(false) from AndroidManifest.xml:52:9-36
  	is also present at [i2p-android-client.aar] AndroidManifest.xml:8:9-35 value=(true).
  	Suggestion: add 'tools:replace="android:allowBackup"' to <application> element at AndroidManifest.xml:50:5-103:19 to override.

* Try:
> Run with --stacktrace option to get the stack trace.
> Run with --info or --debug option to get more log output.
> Run with --scan to get full insights.
> Get more help at https://help.gradle.org.
==============================================================================

2: Task failed with an exception.
-----------
* What went wrong:
Execution failed for task ':app:mergePlaystoreReleaseResources'.
> Multiple task action failures occurred:
   > A failure occurred while executing com.android.build.gradle.internal.res.ResourceCompilerRunnable
      > Resource compilation failed (Failed to compile values resource file /home/niyid/git/kabu-kabu-p2p/app/build/intermediates/incremental/playstoreRelease/mergePlaystoreReleaseResources/merged.dir/values/values.xml. Cause: java.lang.IllegalStateException: Can not extract resource from com.android.aaptcompiler.ParsedResource@634103b9.). Check logs for more details.
   > A failure occurred while executing com.android.build.gradle.internal.res.Aapt2CompileRunnable
      > Android resource compilation failed
        ERROR: /home/niyid/git/kabu-kabu-p2p/app/src/main/res/mipmap-mdpi/ic_launcher.png: AAPT: error: file failed to compile.
            

* Try:
> Run with --stacktrace option to get the stack trace.
> Run with --info or --debug option to get more log output.
> Run with --scan to get full insights.
> Get more help at https://help.gradle.org.
==============================================================================

BUILD FAILED in 1m 40s
16 actionable tasks: 16 executed
Configuration cache entry stored.
