Starting a Gradle Daemon, 1 stopped Daemon could not be reused, use --status for details
Calculating task graph as no cached configuration is available for tasks: clean bundlePlaystoreRelease
> Task :app:preBuild UP-TO-DATE
> Task :app:prePlaystoreReleaseBuild UP-TO-DATE
> Task :app:checkKotlinGradlePluginConfigurationErrors SKIPPED
> Task :app:clean UP-TO-DATE
> Task :app:extractPlaystoreReleaseVersionControlInfo
> Task :app:mergePlaystoreReleaseArtProfile
> Task :app:checkPlaystoreReleaseDuplicateClasses FAILED
> Task :app:expandPlaystoreReleaseL8ArtProfileWildcards

FAILURE: Build failed with an exception.

* What went wrong:
Execution failed for task ':app:checkPlaystoreReleaseDuplicateClasses'.
> A failure occurred while executing com.android.build.gradle.internal.tasks.CheckDuplicatesRunnable
   > Duplicate class android.support.v4.app.INotificationSideChannel found in modules core-1.17.0.aar -> core-1.17.0-runtime (androidx.core:core:1.17.0) and support-compat-25.3.1.aar -> support-compat-25.3.1-runtime (com.android.support:support-compat:25.3.1)
     Duplicate class android.support.v4.app.INotificationSideChannel$Stub found in modules core-1.17.0.aar -> core-1.17.0-runtime (androidx.core:core:1.17.0) and support-compat-25.3.1.aar -> support-compat-25.3.1-runtime (com.android.support:support-compat:25.3.1)
     Duplicate class android.support.v4.app.INotificationSideChannel$Stub$Proxy found in modules core-1.17.0.aar -> core-1.17.0-runtime (androidx.core:core:1.17.0) and support-compat-25.3.1.aar -> support-compat-25.3.1-runtime (com.android.support:support-compat:25.3.1)
     Duplicate class android.support.v4.os.IResultReceiver found in modules core-1.17.0.aar -> core-1.17.0-runtime (androidx.core:core:1.17.0) and support-compat-25.3.1.aar -> support-compat-25.3.1-runtime (com.android.support:support-compat:25.3.1)
     Duplicate class android.support.v4.os.IResultReceiver$Stub found in modules core-1.17.0.aar -> core-1.17.0-runtime (androidx.core:core:1.17.0) and support-compat-25.3.1.aar -> support-compat-25.3.1-runtime (com.android.support:support-compat:25.3.1)
     Duplicate class android.support.v4.os.IResultReceiver$Stub$Proxy found in modules core-1.17.0.aar -> core-1.17.0-runtime (androidx.core:core:1.17.0) and support-compat-25.3.1.aar -> support-compat-25.3.1-runtime (com.android.support:support-compat:25.3.1)
     Duplicate class android.support.v4.os.ResultReceiver found in modules core-1.17.0.aar -> core-1.17.0-runtime (androidx.core:core:1.17.0) and support-compat-25.3.1.aar -> support-compat-25.3.1-runtime (com.android.support:support-compat:25.3.1)
     Duplicate class android.support.v4.os.ResultReceiver$1 found in modules core-1.17.0.aar -> core-1.17.0-runtime (androidx.core:core:1.17.0) and support-compat-25.3.1.aar -> support-compat-25.3.1-runtime (com.android.support:support-compat:25.3.1)
     Duplicate class android.support.v4.os.ResultReceiver$MyResultReceiver found in modules core-1.17.0.aar -> core-1.17.0-runtime (androidx.core:core:1.17.0) and support-compat-25.3.1.aar -> support-compat-25.3.1-runtime (com.android.support:support-compat:25.3.1)
     Duplicate class android.support.v4.os.ResultReceiver$MyRunnable found in modules core-1.17.0.aar -> core-1.17.0-runtime (androidx.core:core:1.17.0) and support-compat-25.3.1.aar -> support-compat-25.3.1-runtime (com.android.support:support-compat:25.3.1)
     
     Learn how to fix dependency resolution errors at https://d.android.com/r/tools/classpath-sync-errors

* Try:
> Run with --stacktrace option to get the stack trace.
> Run with --info or --debug option to get more log output.
> Run with --scan to get full insights.
> Get more help at https://help.gradle.org.

BUILD FAILED in 2m
5 actionable tasks: 4 executed, 1 up-to-date
Configuration cache entry stored.
